Performing C SOURCE FILE Test CMAKE_HAVE_LIBC_PTHREAD failed with the following output:
Change Dir: /home/wjanus/Documents/Limonka/target/debug/build/raylib-sys-13c01704cc68a052/out/build/CMakeFiles/CMakeTmp

Run Build Command(s):/usr/bin/gmake cmTC_192c4/fast && /usr/bin/gmake -f CMakeFiles/cmTC_192c4.dir/build.make CMakeFiles/cmTC_192c4.dir/build
gmake[1]: Entering directory '/home/wjanus/Documents/Limonka/target/debug/build/raylib-sys-13c01704cc68a052/out/build/CMakeFiles/CMakeTmp'
Building C object CMakeFiles/cmTC_192c4.dir/src.c.o
/usr/bin/cc   -fno-strict-aliasing -Werror=implicit-function-declaration -Werror=pointer-arith  -ffunction-sections -fdata-sections -fPIC -m64 -DCMAKE_HAVE_LIBC_PTHREAD   -o CMakeFiles/cmTC_192c4.dir/src.c.o   -c /home/wjanus/Documents/Limonka/target/debug/build/raylib-sys-13c01704cc68a052/out/build/CMakeFiles/CMakeTmp/src.c
Linking C executable cmTC_192c4
/usr/bin/cmake -E cmake_link_script CMakeFiles/cmTC_192c4.dir/link.txt --verbose=1
/usr/bin/cc -fno-strict-aliasing -Werror=implicit-function-declaration -Werror=pointer-arith  -ffunction-sections -fdata-sections -fPIC -m64 -DCMAKE_HAVE_LIBC_PTHREAD    -rdynamic CMakeFiles/cmTC_192c4.dir/src.c.o  -o cmTC_192c4 
/usr/bin/ld: CMakeFiles/cmTC_192c4.dir/src.c.o: in function `main':
src.c:(.text.main+0x34): undefined reference to `pthread_create'
/usr/bin/ld: src.c:(.text.main+0x40): undefined reference to `pthread_detach'
/usr/bin/ld: src.c:(.text.main+0x51): undefined reference to `pthread_join'
collect2: error: ld returned 1 exit status
gmake[1]: *** [CMakeFiles/cmTC_192c4.dir/build.make:87: cmTC_192c4] Error 1
gmake[1]: Leaving directory '/home/wjanus/Documents/Limonka/target/debug/build/raylib-sys-13c01704cc68a052/out/build/CMakeFiles/CMakeTmp'
gmake: *** [Makefile:121: cmTC_192c4/fast] Error 2


Source file was:
#include <pthread.h>

void* test_func(void* data)
{
  return data;
}

int main(void)
{
  pthread_t thread;
  pthread_create(&thread, NULL, test_func, NULL);
  pthread_detach(thread);
  pthread_join(thread, NULL);
  pthread_atfork(NULL, NULL, NULL);
  pthread_exit(NULL);

  return 0;
}

Determining if the function pthread_create exists in the pthreads failed with the following output:
Change Dir: /home/wjanus/Documents/Limonka/target/debug/build/raylib-sys-13c01704cc68a052/out/build/CMakeFiles/CMakeTmp

Run Build Command(s):/usr/bin/gmake cmTC_c271d/fast && /usr/bin/gmake -f CMakeFiles/cmTC_c271d.dir/build.make CMakeFiles/cmTC_c271d.dir/build
gmake[1]: Entering directory '/home/wjanus/Documents/Limonka/target/debug/build/raylib-sys-13c01704cc68a052/out/build/CMakeFiles/CMakeTmp'
Building C object CMakeFiles/cmTC_c271d.dir/CheckFunctionExists.c.o
/usr/bin/cc   -fno-strict-aliasing -Werror=implicit-function-declaration -Werror=pointer-arith  -ffunction-sections -fdata-sections -fPIC -m64 -DCHECK_FUNCTION_EXISTS=pthread_create   -std=gnu99 -o CMakeFiles/cmTC_c271d.dir/CheckFunctionExists.c.o   -c /usr/share/cmake-3.16/Modules/CheckFunctionExists.c
Linking C executable cmTC_c271d
/usr/bin/cmake -E cmake_link_script CMakeFiles/cmTC_c271d.dir/link.txt --verbose=1
/usr/bin/cc -fno-strict-aliasing -Werror=implicit-function-declaration -Werror=pointer-arith  -ffunction-sections -fdata-sections -fPIC -m64 -DCHECK_FUNCTION_EXISTS=pthread_create    CMakeFiles/cmTC_c271d.dir/CheckFunctionExists.c.o  -o cmTC_c271d  -lpthreads 
/usr/bin/ld: cannot find -lpthreads
collect2: error: ld returned 1 exit status
gmake[1]: *** [CMakeFiles/cmTC_c271d.dir/build.make:87: cmTC_c271d] Error 1
gmake[1]: Leaving directory '/home/wjanus/Documents/Limonka/target/debug/build/raylib-sys-13c01704cc68a052/out/build/CMakeFiles/CMakeTmp'
gmake: *** [Makefile:121: cmTC_c271d/fast] Error 2



